/Applications/VMware Fusion.app
/Applications/VMware Fusion.app/Contents/Library/dockers/proxyApp-template-app/Contents/MacOS/vmware-docker
/Applications/VMware Fusion.app/Contents/Library/kexts/VMwareVMCI.kext
/Applications/VMware Fusion.app/Contents/Library/kexts/VMwareVMCI.kext/Contents/MacOS/VMwareVMCI
/Applications/VMware Fusion.app/Contents/Library/licenses/vmware-licenseTool
/Applications/VMware Fusion.app/Contents/Library/messages/de/vmware.vmsg
/Applications/VMware Fusion.app/Contents/Library/messages/es/vmware.vmsg
/Applications/VMware Fusion.app/Contents/Library/messages/fr/vmware.vmsg
/Applications/VMware Fusion.app/Contents/Library/messages/it/vmware.vmsg
/Applications/VMware Fusion.app/Contents/Library/messages/ja/vmware.vmsg
/Applications/VMware Fusion.app/Contents/Library/messages/zh-Hans/vmware.vmsg
/Applications/VMware Fusion.app/Contents/Library/QuickLook/VMware Fusion QuickLook.qlgenerator
/Applications/VMware Fusion.app/Contents/Library/services/VMware Fusion Services
/Applications/VMware Fusion.app/Contents/Library/services/VMware Graphics Service
/Applications/VMware Fusion.app/Contents/Library/tools-upgraders/vmware-tools-upgrader-32
/Applications/VMware Fusion.app/Contents/Library/tools-upgraders/vmware-tools-upgrader-64
/Applications/VMware Fusion.app/Contents/Library/tools-upgraders/VMwareToolsUpgrader.exe
/Applications/VMware Fusion.app/Contents/Library/tools-upgraders/VMwareToolsUpgrader9x.exe
/Applications/VMware Fusion.app/Contents/Library/tools-upgraders/VMwareToolsUpgraderNT.exe
/Applications/VMware Fusion.app/Contents/Library/VMware Fusion Problem Reporter.tool
/Applications/VMware Fusion.app/Contents/Library/VMware Fusion Start Menu.app
/Applications/VMware Fusion.app/Contents/Library/VMware Fusion Start Menu.app/Contents/MacOS/VMware Fusion Start Menu
/Applications/VMware Fusion.app/Contents/Library/VMware OVF Tool
/Applications/VMware Fusion.app/Contents/Library/VMware OVF Tool/schemas/vmware
/Applications/VMware Fusion.app/Contents/Library/VMware OVF Tool/vmware-eula.rtf
/Applications/VMware Fusion.app/Contents/Library/VMware OVF Tool/vmware.eula
/Applications/VMware Fusion.app/Contents/Library/vmware-aewp
/Applications/VMware Fusion.app/Contents/Library/vmware-authd
/Applications/VMware Fusion.app/Contents/Library/vmware-cloneBootCamp
/Applications/VMware Fusion.app/Contents/Library/vmware-id
/Applications/VMware Fusion.app/Contents/Library/vmware-ntfs
/Applications/VMware Fusion.app/Contents/Library/vmware-rawdiskAuthTool
/Applications/VMware Fusion.app/Contents/Library/vmware-rawdiskCreator
/Applications/VMware Fusion.app/Contents/Library/vmware-remotemks
/Applications/VMware Fusion.app/Contents/Library/vmware-usbarbitrator
/Applications/VMware Fusion.app/Contents/Library/vmware-vdiskmanager
/Applications/VMware Fusion.app/Contents/Library/vmware-vmdkserver
/Applications/VMware Fusion.app/Contents/Library/vmware-vmx
/Applications/VMware Fusion.app/Contents/Library/vmware-vmx-debug
/Applications/VMware Fusion.app/Contents/Library/vmware-vmx-stats
/Applications/VMware Fusion.app/Contents/Library/vprobes/vmware-vprobe
/Applications/VMware Fusion.app/Contents/MacOS/VMware Fusion
/Applications/VMware Fusion.app/Contents/Resources/English.lproj/onlinehelp/style/vmware-help.css
/Applications/VMware Fusion.app/Contents/Resources/French.lproj/onlinehelp/style/vmware-help.css
/Applications/VMware Fusion.app/Contents/Resources/German.lproj/onlinehelp/style/vmware-help.css
/Applications/VMware Fusion.app/Contents/Resources/Italian.lproj/onlinehelp/style/vmware-help.css
/Applications/VMware Fusion.app/Contents/Resources/Japanese.lproj/onlinehelp/style/vmware-help.css
/Applications/VMware Fusion.app/Contents/Resources/Spanish.lproj/onlinehelp/style/vmware-help.css
/Applications/VMware Fusion.app/Contents/Resources/vmwarevm.icns
/Applications/VMware Fusion.app/Contents/Resources/zh-Hans.lproj/onlinehelp/style/vmware-help.css
/Applications/VMware-Fusion-8.0.0-2985594.dmg
